
  0x000000000ba8e364 <+884>:   ldr     x0, [x19, #24]
  0x000000000ba8e368 <+888>:   ldr     x23, [x0, #16]
=>0x000000000ba8e36c <+892>:   str     x2, [x24, #16]
```
        x0             0x4000021b3540      70368779515200
        x1             0x0                 0
        x2             0x400001356000      70368764452864
        x3             0x4000004d1780      70368749229952
        x4             0x1                 1
        x5             0x8610a8            8786088
        x6             0x4000004e01a8      70368749289896
        x7             0x4000004dff08      70368749289224
        x8             0x86aa78            8825464
        x9             0x54                84
        x10            0x400001356000      70368764452864
        x11            0x54                84
        x12            0x4000004dff08      70368749289224
        x13            0x8620a8            8790184
        x14            0x4000004e01a8      70368749289896
        x15            0xa748              42824
        x16            0x40000080a710      70368752609040
        x17            0x40000080a718      70368752609048
        x18            0x4000004dff10      70368749289232
        x19            0x4000021b37b0      70368779515824
        x20            0xfffffffff170      281474976706928
        x21            0x400001357000      70368764456960
        x22            0x4000021b70b0      70368779530416
        x23            0x0                 0
        x24            0x4000021b3540      70368779515200
        x25            0x0                 0
        x26            0x0                 0
        x27            0x4000021b3550      70368779515216
        x28            0x1000              4096
```
        x19 -> dst_nullable_column
        x0  -> dst_nullable_column->_null_column